
<!DOCTYPE html>
<html>


<head>
	<meta charset='UTF-8' /> 
	<meta name='description' content='' />
	<meta name='robots' content='noodp, noydir' />
	<meta name='viewport' content='width=device-width, initial-scale=1' />
	<meta id="timeStampFormat" name="timeStampFormat" content='MMM d, yyyy hh:mm:ss a'/>
	
	<link href='https://fonts.googleapis.com/css?family=Source+Sans+Pro:400,600' rel='stylesheet' type='text/css'>
	<link href="https://fonts.googleapis.com/icon?family=Material+Icons" rel="stylesheet">

		<link href='https://cdn.rawgit.com/anshooarora/extentreports-java/bee7a4abdc590e21eec8618a90c81ff4d16e500a/dist/css/extent.css' type='text/css' rel='stylesheet' />
	
	<title>Relatório da execução dos testes automatizados - Hora Marcada</title>

	<style type='text/css'>
			
            

      
        
	</style>
</head>

	<body class='extent standard default hide-overflow '>
		<div id='theme-selector' alt='Click to toggle theme. To enable by default, use theme configuration.' title='Click to toggle theme. To enable by default, use theme configuration.'>
			<span><i class='material-icons'>desktop_windows</i></span>
		</div>

<nav>
	<div class="nav-wrapper">
		<a href="#!" class="brand-logo blue darken-3">Extent</a>

		<!-- slideout menu -->
		<ul id='slide-out' class='side-nav fixed hide-on-med-and-down'>
			<li class='waves-effect active'><a href='#!' view='test-view' onclick="configureView(0);chartsView('test');"><i class='material-icons'>dashboard</i></a></li>
						<li class='waves-effect'><a href='#!' view='exception-view' onclick="configureView(2)"><i class='material-icons'>bug_report</i></a></li>
			<li class='waves-effect'><a href='#!' onclick="configureView(-1);chartsView('dashboard');" view='dashboard-view'><i class='material-icons'>track_changes</i></i></a></li>
		</ul>

		<!-- report name -->
		<span class='report-name'>Relatório da execução dos testes automatizados - Hora Marcada</span>
		
		<!-- report headline -->
		<span class='report-headline'></span>

		<!-- nav-right -->
		<ul id='nav-mobile' class='right hide-on-med-and-down nav-right'>
			<li>
                <a href='#!'>
                    <span class='label suite-start-time blue darken-3'>Apr 1, 2019 11:23:15 AM</span>
				</a>
			</li>
			<li>
                <a href='#!'>
                    <span class='label blue darken-3'>v3.1.1</span>
				</a>
			</li>
		</ul>
	</div>
</nav>

		<!-- container -->
		<div class='container'>

<div id='test-view' class='view'>
				
	<section id='controls'>
		<div class='controls grey lighten-4'>
			<!-- test toggle -->
			<div class='chip transparent'>
				<a class='dropdown-button tests-toggle' data-activates='tests-toggle' data-constrainwidth='true' data-beloworigin='true' data-hover='true' href='#'>
					<i class='material-icons'>warning</i> Status
				</a>
				<ul id='tests-toggle' class='dropdown-content'>
											<li status='pass'><a href='#!'>Pass <i class='material-icons green-text'>check_circle</i></a></li>
						<li status='fail'><a href='#!'>Fail <i class='material-icons red-text'>cancel</i></a></li>
						<li status='skip'><a href='#!'>Skip <i class='material-icons cyan-text'>redo</i></a></li>
					<li class='divider'></li>
					<li status='clear' clear='true'><a href='#!'>Clear Filters <i class='material-icons'>clear</i></a></li>
				</ul>
			</div>
			<!-- test toggle -->

			<!-- category toggle -->
			<!-- category toggle -->

			<!-- clear filters -->
			<div class='chip transparent hide'>
				<a class='' id='clear-filters' alt='Clear Filters' title='Clear Filters'>
					<i class='material-icons'>close</i> Clear
				</a>
			</div>
			<!-- clear filters -->

			<!-- enable dashboard -->
			<div id='toggle-test-view-charts' class='chip transparent'>
				<a class='pink-text' id='enable-dashboard' alt='Enable Dashboard' title='Enable Dashboard'>
					<i class='material-icons'>track_changes</i> Dashboard
				</a>
			</div>
			<!-- enable dashboard -->

			<!-- search -->
			<div class='chip transparent' alt='Search Tests' title='Search Tests'>
				<a href="#" class='search-div'>
					<i class='material-icons'>search</i> Search
				</a>

				<div class='input-field left hide'>
					<input id='search-tests' type='text' class='validate browser-default' placeholder='Search Tests...'>
				</div>
				
			</div>
			<!-- search -->
		</div>
	</section>


<div id='test-view-charts' class='subview-full'>
	<div id='charts-row' class='row nm-v nm-h'>
		<div class='col s12 m4 l4 np-h'>
			<div class='card-panel nm-v'>
				<div class='left panel-name'>Classes</div>
				<div class='chart-box'>
					<canvas id='parent-analysis' width='100' height='80'></canvas>
				</div>
				<div class='block text-small'>
					<span class='tooltipped' data-position='top' data-tooltip='25%'><span class='strong'>1</span> class(es) passed</span>
				</div>
				<div class='block text-small'>
					<span class='strong tooltipped' data-position='top' data-tooltip='75%'>3</span> class(es) failed, <span class='strong tooltipped' data-position='top' data-tooltip='0%'>0</span> others
				</div>
			</div>
		</div>
		
		<div class='col s12 m4 l4 np-h'>
			<div class='card-panel nm-v'>
				<div class='left panel-name'>Tests</div>
				<div class='chart-box'>
					<canvas id='child-analysis' width='100' height='80'></canvas>
				</div>
				<div class='block text-small'>
					<span class='tooltipped' data-position='top' data-tooltip='50%'><span class='strong'>10</span> test(s) passed</span>
				</div>
				<div class='block text-small'>
					<span class='strong tooltipped' data-position='top' data-tooltip='50%'>10</span> test(s) failed, <span class='strong tooltipped' data-position='top' data-tooltip='0%'>0</span> others
				</div>
			</div>
		</div>
		
		<div class='col s12 m4 l4 np-h'>
			<div class='card-panel nm-v'>
				<div class='left panel-name'>Steps</div>
				<div class='chart-box'>
					<canvas id='grandchild-analysis' width='100' height='80'></canvas>
				</div>
				<div class='block text-small'>
					<span class='tooltipped' data-position='top' data-tooltip='87.912%'><span class='strong'>80</span> log(s) passed</span>
				</div>
				<div class='block text-small'>
					<span class='strong tooltipped' data-position='top' data-tooltip='10.989%'>10</span> log(s) failed, <span class='strong tooltipped' data-position='top' data-tooltip='1.099%'>1</span> others
				</div>
			</div>
		</div>
	</div>
</div>

	<div class='subview-left left'>
		
		<div class='view-summary'>
			<h5>Classes</h5>
			<ul id='test-collection' class='test-collection'>
				
				
				<li class='test displayed active  pass' status='pass' bdd='false' test-id='1'>
					<div class='test-heading'>
						<span class='test-name'>Criar Agendamento</span>
						<span class='test-time'>Apr 1, 2019 11:23:15 AM</span>
						<span class='test-status right pass'>pass</span>
					</div>
					<div class='test-content hide'>
<div class='test-time-info'>
	<span class='label start-time'>Apr 1, 2019 11:23:15 AM</span>
	<span class='label end-time'>Apr 1, 2019 11:23:15 AM</span>
	<span class='label time-taken grey lighten-1 white-text'>0h 0m 0s+0ms</span>
</div>
					</div>
				</li>
				
				
				<li class='test displayed active has-leaf fail' status='fail' bdd='true' test-id='2'>
					<div class='test-heading'>
						<span class='test-name'>Login - Controle de acesso</span>
						<span class='test-time'>Apr 1, 2019 11:23:15 AM</span>
						<span class='test-status right fail'>fail</span>
					</div>
					<div class='test-content hide'>
<div class='scenariooutline node' test-id='3' status='fail'>
	<span class='duration right label'>0h 3m 5s+209ms</span>
	<div class='desc'>
		<b>ScenarioOutline</b>
		<span class="desc-text"><TestCaseName></span>
	</div>
	<ul class='steps'>
		<li test-id='4' class='node scenario fail' status='fail'>
			
			<b>Scenario</b>
			
			<span class="bdd-step-name">TC01 - login_QdoInformarCPFValido_LoginOK</span>
			
				<ul class='steps'>
					<li test-id='5' class='node given pass' status='pass'><b>Given</b>
						<span class="bdd-step-name">Given Que o aplicativo esteja aberto na pagina de login</span>
							<div class='pre'>passed</div>
					</li>
					<li test-id='6' class='node when pass' status='pass'><b>When</b>
						<span class="bdd-step-name">When Informar CPF/CNS 80177965797 e Senha 123456</span>
							<div class='pre'>passed</div>
					</li>
					<li test-id='7' class='node and pass' status='pass'><b>And</b>
						<span class="bdd-step-name">And Clicar no botão Acessar</span>
							<div class='pre'>passed</div>
					</li>
					<li test-id='8' class='node then fail' status='fail'><b>Then</b>
						<span class="bdd-step-name">Then É exibida a mensagem Você sabia? Você pode utilizar o mesmo celular para toda a sua família acessar o Hora Marcada. ou entra no sistema</span>
						<ul class='screenshots right'>
							<li><a data-featherlight="image" href="C:\Projetos\Java\Framework\src\test\Report\screenshots\TC01_-_login_QdoInformarCPFValido_LoginOK.png"><i class='material-icons'>panorama</i></a></li>
						</ul>
							<div class='pre'><pre>org.openqa.selenium.NoSuchElementException: An element could not be located on the page using the given search parameters.
For documentation on this error, please visit: https://www.seleniumhq.org/exceptions/no_such_element.html
Build info: version: '3.141.59', revision: 'e82be7d358', time: '2018-11-14T08:17:03'
System info: host: 'D-PROD-BP137294', ip: '10.2.107.214', os.name: 'Windows 10', os.arch: 'amd64', os.version: '10.0', java.version: '1.8.0_191'
Driver info: Servicos.Funcionalidades$1
Capabilities {appActivity: br.gov.sp.saude.horamarcada..., appPackage: br.gov.sp.saude.horamarcada, appWaitDuration: 30000, automationName: uiautomator2, avdLaunchTimeout: 20000, databaseEnabled: false, desired: {appActivity: br.gov.sp.saude.horamarcada..., appPackage: br.gov.sp.saude.horamarcada, appWaitDuration: 30000, automationName: uiautomator2, avdLaunchTimeout: 20000, deviceName: Galaxy_S7, newCommandTimeout: 9000, platformName: android, resetKeyboard: true, unicodeKeyboard: true}, deviceApiLevel: 27, deviceManufacturer: Google, deviceModel: Android SDK built for x86, deviceName: emulator-5554, deviceScreenDensity: 640, deviceScreenSize: 1440x2560, deviceUDID: emulator-5554, javascriptEnabled: true, locationContextEnabled: false, networkConnectionEnabled: true, newCommandTimeout: 9000, pixelRatio: 4, platform: LINUX, platformName: LINUX, platformVersion: 8.1.0, resetKeyboard: true, statBarHeight: 96, takesScreenshot: true, unicodeKeyboard: true, viewportRect: {height: 2464, left: 0, top: 96, width: 1440}, warnings: {}, webStorageEnabled: false}
Session ID: 3cf017bf-65fa-455c-8b21-52eebc61c082
*** Element info: {Using=id, value=android:id/message}
	at sun.reflect.NativeConstructorAccessorImpl.newInstance0(Native Method)
	at sun.reflect.NativeConstructorAccessorImpl.newInstance(NativeConstructorAccessorImpl.java:62)
	at sun.reflect.DelegatingConstructorAccessorImpl.newInstance(DelegatingConstructorAccessorImpl.java:45)
	at java.lang.reflect.Constructor.newInstance(Constructor.java:423)
	at org.openqa.selenium.remote.http.W3CHttpResponseCodec.createException(W3CHttpResponseCodec.java:187)
	at org.openqa.selenium.remote.http.W3CHttpResponseCodec.decode(W3CHttpResponseCodec.java:122)
	at org.openqa.selenium.remote.http.W3CHttpResponseCodec.decode(W3CHttpResponseCodec.java:49)
	at org.openqa.selenium.remote.HttpCommandExecutor.execute(HttpCommandExecutor.java:158)
	at io.appium.java_client.remote.AppiumCommandExecutor.execute(AppiumCommandExecutor.java:239)
	at org.openqa.selenium.remote.RemoteWebDriver.execute(RemoteWebDriver.java:552)
	at io.appium.java_client.DefaultGenericMobileDriver.execute(DefaultGenericMobileDriver.java:42)
	at io.appium.java_client.AppiumDriver.execute(AppiumDriver.java:1)
	at org.openqa.selenium.remote.RemoteWebDriver.findElement(RemoteWebDriver.java:323)
	at io.appium.java_client.DefaultGenericMobileDriver.findElement(DefaultGenericMobileDriver.java:62)
	at io.appium.java_client.AppiumDriver.findElement(AppiumDriver.java:1)
	at org.openqa.selenium.remote.RemoteWebDriver.findElementById(RemoteWebDriver.java:372)
	at io.appium.java_client.DefaultGenericMobileDriver.findElementById(DefaultGenericMobileDriver.java:70)
	at io.appium.java_client.AppiumDriver.findElementById(AppiumDriver.java:1)
	at org.openqa.selenium.By$ById.findElement(By.java:188)
	at org.openqa.selenium.remote.RemoteWebDriver.findElement(RemoteWebDriver.java:315)
	at io.appium.java_client.DefaultGenericMobileDriver.findElement(DefaultGenericMobileDriver.java:58)
	at io.appium.java_client.AppiumDriver.findElement(AppiumDriver.java:1)
	at Servicos.Funcionalidades.CapturarTexto(Funcionalidades.java:182)
	at steps.Login.Login.é_exibida_a_mensagem_ou_entra_no_sistema(Login.java:52)
	at ✽.Then É exibida a mensagem Você sabia? Você pode utilizar o mesmo celular para toda a sua família acessar o Hora Marcada. ou entra no sistema(Login.feature:10)
</pre></div>
					</li>
				</ul>
		</li>
		<li test-id='9' class='node scenario fail' status='fail'>
			
			<b>Scenario</b>
			
			<span class="bdd-step-name">TC02 - login_QdoInformarCNSValido_LoginOK</span>
			
				<ul class='steps'>
					<li test-id='10' class='node given pass' status='pass'><b>Given</b>
						<span class="bdd-step-name">Given Que o aplicativo esteja aberto na pagina de login</span>
							<div class='pre'>passed</div>
					</li>
					<li test-id='11' class='node when pass' status='pass'><b>When</b>
						<span class="bdd-step-name">When Informar CPF/CNS 707706689085010 e Senha 123456</span>
							<div class='pre'>passed</div>
					</li>
					<li test-id='12' class='node and pass' status='pass'><b>And</b>
						<span class="bdd-step-name">And Clicar no botão Acessar</span>
							<div class='pre'>passed</div>
					</li>
					<li test-id='13' class='node then fail' status='fail'><b>Then</b>
						<span class="bdd-step-name">Then É exibida a mensagem Você sabia? Você pode utilizar o mesmo celular para toda a sua família acessar o Hora Marcada. ou entra no sistema</span>
						<ul class='screenshots right'>
							<li><a data-featherlight="image" href="C:\Projetos\Java\Framework\src\test\Report\screenshots\TC02_-_login_QdoInformarCNSValido_LoginOK.png"><i class='material-icons'>panorama</i></a></li>
						</ul>
							<div class='pre'><pre>org.openqa.selenium.NoSuchElementException: An element could not be located on the page using the given search parameters.
For documentation on this error, please visit: https://www.seleniumhq.org/exceptions/no_such_element.html
Build info: version: '3.141.59', revision: 'e82be7d358', time: '2018-11-14T08:17:03'
System info: host: 'D-PROD-BP137294', ip: '10.2.107.214', os.name: 'Windows 10', os.arch: 'amd64', os.version: '10.0', java.version: '1.8.0_191'
Driver info: Servicos.Funcionalidades$1
Capabilities {appActivity: br.gov.sp.saude.horamarcada..., appPackage: br.gov.sp.saude.horamarcada, appWaitDuration: 30000, automationName: uiautomator2, avdLaunchTimeout: 20000, databaseEnabled: false, desired: {appActivity: br.gov.sp.saude.horamarcada..., appPackage: br.gov.sp.saude.horamarcada, appWaitDuration: 30000, automationName: uiautomator2, avdLaunchTimeout: 20000, deviceName: Galaxy_S7, newCommandTimeout: 9000, platformName: android, resetKeyboard: true, unicodeKeyboard: true}, deviceApiLevel: 27, deviceManufacturer: Google, deviceModel: Android SDK built for x86, deviceName: emulator-5554, deviceScreenDensity: 640, deviceScreenSize: 1440x2560, deviceUDID: emulator-5554, javascriptEnabled: true, locationContextEnabled: false, networkConnectionEnabled: true, newCommandTimeout: 9000, pixelRatio: 4, platform: LINUX, platformName: LINUX, platformVersion: 8.1.0, resetKeyboard: true, statBarHeight: 96, takesScreenshot: true, unicodeKeyboard: true, viewportRect: {height: 2464, left: 0, top: 96, width: 1440}, warnings: {}, webStorageEnabled: false}
Session ID: 3cf017bf-65fa-455c-8b21-52eebc61c082
*** Element info: {Using=id, value=android:id/message}
	at sun.reflect.NativeConstructorAccessorImpl.newInstance0(Native Method)
	at sun.reflect.NativeConstructorAccessorImpl.newInstance(NativeConstructorAccessorImpl.java:62)
	at sun.reflect.DelegatingConstructorAccessorImpl.newInstance(DelegatingConstructorAccessorImpl.java:45)
	at java.lang.reflect.Constructor.newInstance(Constructor.java:423)
	at org.openqa.selenium.remote.http.W3CHttpResponseCodec.createException(W3CHttpResponseCodec.java:187)
	at org.openqa.selenium.remote.http.W3CHttpResponseCodec.decode(W3CHttpResponseCodec.java:122)
	at org.openqa.selenium.remote.http.W3CHttpResponseCodec.decode(W3CHttpResponseCodec.java:49)
	at org.openqa.selenium.remote.HttpCommandExecutor.execute(HttpCommandExecutor.java:158)
	at io.appium.java_client.remote.AppiumCommandExecutor.execute(AppiumCommandExecutor.java:239)
	at org.openqa.selenium.remote.RemoteWebDriver.execute(RemoteWebDriver.java:552)
	at io.appium.java_client.DefaultGenericMobileDriver.execute(DefaultGenericMobileDriver.java:42)
	at io.appium.java_client.AppiumDriver.execute(AppiumDriver.java:1)
	at org.openqa.selenium.remote.RemoteWebDriver.findElement(RemoteWebDriver.java:323)
	at io.appium.java_client.DefaultGenericMobileDriver.findElement(DefaultGenericMobileDriver.java:62)
	at io.appium.java_client.AppiumDriver.findElement(AppiumDriver.java:1)
	at org.openqa.selenium.remote.RemoteWebDriver.findElementById(RemoteWebDriver.java:372)
	at io.appium.java_client.DefaultGenericMobileDriver.findElementById(DefaultGenericMobileDriver.java:70)
	at io.appium.java_client.AppiumDriver.findElementById(AppiumDriver.java:1)
	at org.openqa.selenium.By$ById.findElement(By.java:188)
	at org.openqa.selenium.remote.RemoteWebDriver.findElement(RemoteWebDriver.java:315)
	at io.appium.java_client.DefaultGenericMobileDriver.findElement(DefaultGenericMobileDriver.java:58)
	at io.appium.java_client.AppiumDriver.findElement(AppiumDriver.java:1)
	at Servicos.Funcionalidades.CapturarTexto(Funcionalidades.java:182)
	at steps.Login.Login.é_exibida_a_mensagem_ou_entra_no_sistema(Login.java:52)
	at ✽.Then É exibida a mensagem Você sabia? Você pode utilizar o mesmo celular para toda a sua família acessar o Hora Marcada. ou entra no sistema(Login.feature:10)
</pre></div>
					</li>
				</ul>
		</li>
		<li test-id='14' class='node scenario pass' status='pass'>
			
			<b>Scenario</b>
			
			<span class="bdd-step-name">TC03 - login_QdoInformarCPFInvalido_LoginNOK</span>
			
				<ul class='steps'>
					<li test-id='15' class='node given pass' status='pass'><b>Given</b>
						<span class="bdd-step-name">Given Que o aplicativo esteja aberto na pagina de login</span>
							<div class='pre'>passed</div>
					</li>
					<li test-id='16' class='node when pass' status='pass'><b>When</b>
						<span class="bdd-step-name">When Informar CPF/CNS 47570333039 e Senha 123456</span>
							<div class='pre'>passed</div>
					</li>
					<li test-id='17' class='node and pass' status='pass'><b>And</b>
						<span class="bdd-step-name">And Clicar no botão Acessar</span>
							<div class='pre'>passed</div>
					</li>
					<li test-id='18' class='node then pass' status='pass'><b>Then</b>
						<span class="bdd-step-name">Then É exibida a mensagem Login ou senha inválido ou entra no sistema</span>
							<div class='pre'>passed</div>
					</li>
				</ul>
		</li>
		<li test-id='19' class='node scenario pass' status='pass'>
			
			<b>Scenario</b>
			
			<span class="bdd-step-name">TC04 - login_QdoInformarCNSInvalido_LoginNOK</span>
			
				<ul class='steps'>
					<li test-id='20' class='node given pass' status='pass'><b>Given</b>
						<span class="bdd-step-name">Given Que o aplicativo esteja aberto na pagina de login</span>
							<div class='pre'>passed</div>
					</li>
					<li test-id='21' class='node when pass' status='pass'><b>When</b>
						<span class="bdd-step-name">When Informar CPF/CNS 700200935125224 e Senha 123456</span>
							<div class='pre'>passed</div>
					</li>
					<li test-id='22' class='node and pass' status='pass'><b>And</b>
						<span class="bdd-step-name">And Clicar no botão Acessar</span>
							<div class='pre'>passed</div>
					</li>
					<li test-id='23' class='node then pass' status='pass'><b>Then</b>
						<span class="bdd-step-name">Then É exibida a mensagem Login ou senha inválido ou entra no sistema</span>
							<div class='pre'>passed</div>
					</li>
				</ul>
		</li>
		<li test-id='24' class='node scenario pass' status='pass'>
			
			<b>Scenario</b>
			
			<span class="bdd-step-name">TC05 - login_QdoInformarCPFValidoSenhaInvalida_LoginNOK</span>
			
				<ul class='steps'>
					<li test-id='25' class='node given pass' status='pass'><b>Given</b>
						<span class="bdd-step-name">Given Que o aplicativo esteja aberto na pagina de login</span>
							<div class='pre'>passed</div>
					</li>
					<li test-id='26' class='node when pass' status='pass'><b>When</b>
						<span class="bdd-step-name">When Informar CPF/CNS 80177965797 e Senha 143456</span>
							<div class='pre'>passed</div>
					</li>
					<li test-id='27' class='node and pass' status='pass'><b>And</b>
						<span class="bdd-step-name">And Clicar no botão Acessar</span>
							<div class='pre'>passed</div>
					</li>
					<li test-id='28' class='node then pass' status='pass'><b>Then</b>
						<span class="bdd-step-name">Then É exibida a mensagem Login ou senha inválido ou entra no sistema</span>
							<div class='pre'>passed</div>
					</li>
				</ul>
		</li>
		<li test-id='29' class='node scenario fail' status='fail'>
			
			<b>Scenario</b>
			
			<span class="bdd-step-name">TC06 - login_QdoInformarCNSValidoSenhaInvalida_LoginNOK</span>
			
				<ul class='steps'>
					<li test-id='30' class='node given pass' status='pass'><b>Given</b>
						<span class="bdd-step-name">Given Que o aplicativo esteja aberto na pagina de login</span>
							<div class='pre'>passed</div>
					</li>
					<li test-id='31' class='node when pass' status='pass'><b>When</b>
						<span class="bdd-step-name">When Informar CPF/CNS 707009888406932 e Senha 133456</span>
							<div class='pre'>passed</div>
					</li>
					<li test-id='32' class='node and pass' status='pass'><b>And</b>
						<span class="bdd-step-name">And Clicar no botão Acessar</span>
							<div class='pre'>passed</div>
					</li>
					<li test-id='33' class='node then fail' status='fail'><b>Then</b>
						<span class="bdd-step-name">Then É exibida a mensagem Login ou senha inválido ou entra no sistema</span>
						<ul class='screenshots right'>
							<li><a data-featherlight="image" href="C:\Projetos\Java\Framework\src\test\Report\screenshots\TC06_-_login_QdoInformarCNSValidoSenhaInvalida_LoginNOK.png"><i class='material-icons'>panorama</i></a></li>
						</ul>
							<div class='pre'><pre>java.lang.AssertionError: expected [Login ou senha inválido
Login bloqueado por excesso de tentativas] but found [Login ou senha inválido]
	at org.testng.Assert.fail(Assert.java:96)
	at org.testng.Assert.failNotEquals(Assert.java:776)
	at org.testng.Assert.assertEqualsImpl(Assert.java:137)
	at org.testng.Assert.assertEquals(Assert.java:118)
	at org.testng.Assert.assertEquals(Assert.java:453)
	at org.testng.Assert.assertEquals(Assert.java:463)
	at steps.Login.Login.é_exibida_a_mensagem_ou_entra_no_sistema(Login.java:53)
	at ✽.Then É exibida a mensagem Login ou senha inválido ou entra no sistema(Login.feature:10)
</pre></div>
					</li>
				</ul>
		</li>
		<li test-id='34' class='node scenario pass' status='pass'>
			
			<b>Scenario</b>
			
			<span class="bdd-step-name">TC07- login_QdoLoginSenhaVazio_LoginNOK</span>
			
				<ul class='steps'>
					<li test-id='35' class='node given pass' status='pass'><b>Given</b>
						<span class="bdd-step-name">Given Que o aplicativo esteja aberto na pagina de login</span>
							<div class='pre'>passed</div>
					</li>
					<li test-id='36' class='node when pass' status='pass'><b>When</b>
						<span class="bdd-step-name">When Informar CPF/CNS  e Senha</span>
							<div class='pre'>passed</div>
					</li>
					<li test-id='37' class='node and pass' status='pass'><b>And</b>
						<span class="bdd-step-name">And Clicar no botão Acessar</span>
							<div class='pre'>passed</div>
					</li>
					<li test-id='38' class='node then pass' status='pass'><b>Then</b>
						<span class="bdd-step-name">Then É exibida a mensagem Favor preencher os campos corretamente. ou entra no sistema</span>
							<div class='pre'>passed</div>
					</li>
				</ul>
		</li>
	</ul>
</div>
					</div>
				</li>
				
				
				<li class='test displayed active has-leaf fail' status='fail' bdd='true' test-id='39'>
					<div class='test-heading'>
						<span class='test-name'>Primeiro acesso - Adesão</span>
						<span class='test-time'>Apr 1, 2019 11:26:21 AM</span>
						<span class='test-status right fail'>fail</span>
					</div>
					<div class='test-content hide'>
<div class='scenariooutline node' test-id='40' status='fail'>
	<span class='duration right label'>0h 3m 4s+887ms</span>
	<div class='desc'>
		<b>ScenarioOutline</b>
		<span class="desc-text"><TestCaseName></span>
	</div>
	<ul class='steps'>
		<li test-id='41' class='node scenario fail' status='fail'>
			
			<b>Scenario</b>
			
			<span class="bdd-step-name">TC01 - CadastroDeSenha_QdoInformarCNSInvalido_ExibirMensagemDeValidacao</span>
			
				<ul class='steps'>
					<li test-id='42' class='node given pass' status='pass'><b>Given</b>
						<span class="bdd-step-name">Given Que o aplicativo esteja aberto na pagina primeiro acesso</span>
							<div class='pre'>passed</div>
					</li>
					<li test-id='43' class='node when pass' status='pass'><b>When</b>
						<span class="bdd-step-name">When Informar CPF/CNS 152992195720000678 e data de nascimento 16/set/1979</span>
							<div class='pre'>passed</div>
					</li>
					<li test-id='44' class='node and pass' status='pass'><b>And</b>
						<span class="bdd-step-name">And Clicar no botão Enviar</span>
							<div class='pre'>passed</div>
					</li>
					<li test-id='45' class='node then fail' status='fail'><b>Then</b>
						<span class="bdd-step-name">Then É apresentanda a mensagem CNS Preenchido não é válido!</span>
						<ul class='screenshots right'>
							<li><a data-featherlight="image" href="C:\Projetos\Java\Framework\src\test\Report\screenshots\TC01_-_CadastroDeSenha_QdoInformarCNSInvalido_ExibirMensagemDeValidacao.png"><i class='material-icons'>panorama</i></a></li>
						</ul>
							<div class='pre'><pre>java.lang.AssertionError: expected [timeout] but found [CNS Preenchido não é válido!]
	at org.testng.Assert.fail(Assert.java:96)
	at org.testng.Assert.failNotEquals(Assert.java:776)
	at org.testng.Assert.assertEqualsImpl(Assert.java:137)
	at org.testng.Assert.assertEquals(Assert.java:118)
	at org.testng.Assert.assertEquals(Assert.java:453)
	at org.testng.Assert.assertEquals(Assert.java:463)
	at steps.PrimeiroAcesso.PrimeiroAcesso.é_apresentanda_a_mensagem(PrimeiroAcesso.java:101)
	at ✽.Then É apresentanda a mensagem CNS Preenchido não é válido!(Primeiro Acesso.feature:11)
</pre></div>
					</li>
				</ul>
		</li>
		<li test-id='46' class='node scenario fail' status='fail'>
			
			<b>Scenario</b>
			
			<span class="bdd-step-name">TC02 - CadastroDeSenha_QdoInformarDataNascimentoInvalida_ExibirMensagemDeValidacao</span>
			
				<ul class='steps'>
					<li test-id='47' class='node given pass' status='pass'><b>Given</b>
						<span class="bdd-step-name">Given Que o aplicativo esteja aberto na pagina primeiro acesso</span>
							<div class='pre'>passed</div>
					</li>
					<li test-id='48' class='node when pass' status='pass'><b>When</b>
						<span class="bdd-step-name">When Informar CPF/CNS 706506370214697 e data de nascimento 16/set/1980</span>
							<div class='pre'>passed</div>
					</li>
					<li test-id='49' class='node and pass' status='pass'><b>And</b>
						<span class="bdd-step-name">And Clicar no botão Enviar</span>
							<div class='pre'>passed</div>
					</li>
					<li test-id='50' class='node then fail' status='fail'><b>Then</b>
						<span class="bdd-step-name">Then É apresentanda a mensagem Paciente não encontrado É necessário se cadastrar em uma UBS mais próxima</span>
						<ul class='screenshots right'>
							<li><a data-featherlight="image" href="C:\Projetos\Java\Framework\src\test\Report\screenshots\TC02_-_CadastroDeSenha_QdoInformarDataNascimentoInvalida_ExibirMensagemDeValidacao.png"><i class='material-icons'>panorama</i></a></li>
						</ul>
							<div class='pre'><pre>java.lang.AssertionError: expected [Unexpected status line: HTTP/1.1 0 ] but found [Paciente não encontrado É necessário se cadastrar em uma UBS mais próxima]
	at org.testng.Assert.fail(Assert.java:96)
	at org.testng.Assert.failNotEquals(Assert.java:776)
	at org.testng.Assert.assertEqualsImpl(Assert.java:137)
	at org.testng.Assert.assertEquals(Assert.java:118)
	at org.testng.Assert.assertEquals(Assert.java:453)
	at org.testng.Assert.assertEquals(Assert.java:463)
	at steps.PrimeiroAcesso.PrimeiroAcesso.é_apresentanda_a_mensagem(PrimeiroAcesso.java:101)
	at ✽.Then É apresentanda a mensagem Paciente não encontrado É necessário se cadastrar em uma UBS mais próxima(Primeiro Acesso.feature:11)
</pre></div>
					</li>
				</ul>
		</li>
		<li test-id='51' class='node scenario pass' status='pass'>
			
			<b>Scenario</b>
			
			<span class="bdd-step-name">TC03 - CadastroDeSenha_QdoInformarDataNascimentoMaiorDataAtual_ExibirMensagemDeValidacao</span>
			
				<ul class='steps'>
					<li test-id='52' class='node given pass' status='pass'><b>Given</b>
						<span class="bdd-step-name">Given Que o aplicativo esteja aberto na pagina primeiro acesso</span>
							<div class='pre'>passed</div>
					</li>
					<li test-id='53' class='node when pass' status='pass'><b>When</b>
						<span class="bdd-step-name">When Informar CPF/CNS 706506370214697 e data de nascimento faker</span>
							<div class='pre'>passed</div>
					</li>
					<li test-id='54' class='node and pass' status='pass'><b>And</b>
						<span class="bdd-step-name">And Clicar no botão Enviar</span>
							<div class='pre'>passed</div>
					</li>
					<li test-id='55' class='node then pass' status='pass'><b>Then</b>
						<span class="bdd-step-name">Then É apresentanda a mensagem Favor preencher os campos corretamente.</span>
							<div class='pre'>passed</div>
					</li>
				</ul>
		</li>
		<li test-id='56' class='node scenario fail' status='fail'>
			
			<b>Scenario</b>
			
			<span class="bdd-step-name">TC04 - CadastroDeSenha_QdoInformarCNSCadastrado_ExibirMensagemDeValidacao</span>
			
				<ul class='steps'>
					<li test-id='57' class='node given pass' status='pass'><b>Given</b>
						<span class="bdd-step-name">Given Que o aplicativo esteja aberto na pagina primeiro acesso</span>
							<div class='pre'>passed</div>
					</li>
					<li test-id='58' class='node when pass' status='pass'><b>When</b>
						<span class="bdd-step-name">When Informar CPF/CNS 707009888406932 e data de nascimento 16/set/1979</span>
							<div class='pre'>passed</div>
					</li>
					<li test-id='59' class='node and pass' status='pass'><b>And</b>
						<span class="bdd-step-name">And Clicar no botão Enviar</span>
							<div class='pre'>passed</div>
					</li>
					<li test-id='60' class='node then fail' status='fail'><b>Then</b>
						<span class="bdd-step-name">Then É apresentanda a mensagem Usuário já esta cadastrado com esse CNS no município</span>
						<ul class='screenshots right'>
							<li><a data-featherlight="image" href="C:\Projetos\Java\Framework\src\test\Report\screenshots\TC04_-_CadastroDeSenha_QdoInformarCNSCadastrado_ExibirMensagemDeValidacao.png"><i class='material-icons'>panorama</i></a></li>
						</ul>
							<div class='pre'><pre>java.lang.AssertionError: expected [Unexpected status line: HTTP/1.1 0 ] but found [Usuário já esta cadastrado com esse CNS no município]
	at org.testng.Assert.fail(Assert.java:96)
	at org.testng.Assert.failNotEquals(Assert.java:776)
	at org.testng.Assert.assertEqualsImpl(Assert.java:137)
	at org.testng.Assert.assertEquals(Assert.java:118)
	at org.testng.Assert.assertEquals(Assert.java:453)
	at org.testng.Assert.assertEquals(Assert.java:463)
	at steps.PrimeiroAcesso.PrimeiroAcesso.é_apresentanda_a_mensagem(PrimeiroAcesso.java:101)
	at ✽.Then É apresentanda a mensagem Usuário já esta cadastrado com esse CNS no município(Primeiro Acesso.feature:11)
</pre></div>
					</li>
				</ul>
		</li>
		<li test-id='61' class='node scenario fail' status='fail'>
			
			<b>Scenario</b>
			
			<span class="bdd-step-name">TC05 - CadastroDeSenha_QdoInformarCNSQueNaoTemEquipeCadastrada_ExibirMensagemDeValidacao</span>
			
				<ul class='steps'>
					<li test-id='62' class='node given pass' status='pass'><b>Given</b>
						<span class="bdd-step-name">Given Que o aplicativo esteja aberto na pagina primeiro acesso</span>
							<div class='pre'>passed</div>
					</li>
					<li test-id='63' class='node when pass' status='pass'><b>When</b>
						<span class="bdd-step-name">When Informar CPF/CNS 152992195720000 e data de nascimento 16/set/1979</span>
							<div class='pre'>passed</div>
					</li>
					<li test-id='64' class='node and pass' status='pass'><b>And</b>
						<span class="bdd-step-name">And Clicar no botão Enviar</span>
							<div class='pre'>passed</div>
					</li>
					<li test-id='65' class='node then fail' status='fail'><b>Then</b>
						<span class="bdd-step-name">Then É apresentanda a mensagem CNS Invalido</span>
						<ul class='screenshots right'>
							<li><a data-featherlight="image" href="C:\Projetos\Java\Framework\src\test\Report\screenshots\TC05_-_CadastroDeSenha_QdoInformarCNSQueNaoTemEquipeCadastrada_ExibirMensagemDeValidacao.png"><i class='material-icons'>panorama</i></a></li>
						</ul>
							<div class='pre'><pre>java.lang.AssertionError: expected [Unexpected status line: HTTP/1.1 0 ] but found [CNS Invalido]
	at org.testng.Assert.fail(Assert.java:96)
	at org.testng.Assert.failNotEquals(Assert.java:776)
	at org.testng.Assert.assertEqualsImpl(Assert.java:137)
	at org.testng.Assert.assertEquals(Assert.java:118)
	at org.testng.Assert.assertEquals(Assert.java:453)
	at org.testng.Assert.assertEquals(Assert.java:463)
	at steps.PrimeiroAcesso.PrimeiroAcesso.é_apresentanda_a_mensagem(PrimeiroAcesso.java:101)
	at ✽.Then É apresentanda a mensagem CNS Invalido(Primeiro Acesso.feature:11)
</pre></div>
					</li>
				</ul>
		</li>
		<li test-id='66' class='node scenario pass' status='pass'>
			
			<b>Scenario</b>
			
			<span class="bdd-step-name">TC06 - CadastroDeSenha_QdoNaoInformarCNSDataNascimento_ExibirMensagemDeValidacao</span>
			
				<ul class='steps'>
					<li test-id='67' class='node given pass' status='pass'><b>Given</b>
						<span class="bdd-step-name">Given Que o aplicativo esteja aberto na pagina primeiro acesso</span>
							<div class='pre'>passed</div>
					</li>
					<li test-id='68' class='node when pass' status='pass'><b>When</b>
						<span class="bdd-step-name">When Informar CPF/CNS  e data de nascimento</span>
							<div class='pre'>passed</div>
					</li>
					<li test-id='69' class='node and pass' status='pass'><b>And</b>
						<span class="bdd-step-name">And Clicar no botão Enviar</span>
							<div class='pre'>passed</div>
					</li>
					<li test-id='70' class='node then pass' status='pass'><b>Then</b>
						<span class="bdd-step-name">Then É apresentanda a mensagem Favor preencher os campos corretamente.</span>
							<div class='pre'>passed</div>
					</li>
				</ul>
		</li>
	</ul>
</div>
<div class='scenariooutline node' test-id='71' status='fail'>
	<span class='duration right label'>0h 5m 18s+336ms</span>
	<div class='desc'>
		<b>ScenarioOutline</b>
		<span class="desc-text"><TestCaseName></span>
	</div>
	<ul class='steps'>
		<li test-id='72' class='node scenario fail' status='fail'>
			
			<b>Scenario</b>
			
			<span class="bdd-step-name">TC07 - CadastroDeSenha_QdoInformarTelefoneInvalido_ExibirMensagemDeValidacao</span>
			
				<ul class='steps'>
					<li test-id='73' class='node given pass' status='pass'><b>Given</b>
						<span class="bdd-step-name">Given Que o aplicativo esteja aberto na pagina primeiro acesso</span>
							<div class='pre'>passed</div>
					</li>
					<li test-id='74' class='node when pass' status='pass'><b>When</b>
						<span class="bdd-step-name">When Informar CPF/CNS 700006115148809 e data de nascimento 04/out/2002</span>
							<div class='pre'>passed</div>
					</li>
					<li test-id='75' class='node and pass' status='pass'><b>And</b>
						<span class="bdd-step-name">And Clicar no botão Enviar</span>
							<div class='pre'>passed</div>
					</li>
					<li test-id='76' class='node and pass' status='pass'><b>And</b>
						<span class="bdd-step-name">And Informar os dados cpf geraDocumento.geraCPF(), Nome completo faker.name().fullName(), nome da mae faker.name().fullName(), telefone 11215625369, email automacao@teste.com, confirme email automacao@teste.com, senha 123456 e confirmar senha 123456</span>
							<div class='pre'>passed</div>
					</li>
					<li test-id='77' class='node and pass' status='pass'><b>And</b>
						<span class="bdd-step-name">And Clicar no botão Cadastrar</span>
							<div class='pre'>passed</div>
					</li>
					<li test-id='78' class='node then fail' status='fail'><b>Then</b>
						<span class="bdd-step-name">Then É apresentanda a mensagem Favor preencher os campos corretamente.</span>
						<ul class='screenshots right'>
							<li><a data-featherlight="image" href="C:\Projetos\Java\Framework\src\test\Report\screenshots\TC07_-_CadastroDeSenha_QdoInformarTelefoneInvalido_ExibirMensagemDeValidacao.png"><i class='material-icons'>panorama</i></a></li>
						</ul>
							<div class='pre'><pre>java.lang.AssertionError: expected [Unexpected status line: HTTP/1.1 0 ] but found [Favor preencher os campos corretamente.]
	at org.testng.Assert.fail(Assert.java:96)
	at org.testng.Assert.failNotEquals(Assert.java:776)
	at org.testng.Assert.assertEqualsImpl(Assert.java:137)
	at org.testng.Assert.assertEquals(Assert.java:118)
	at org.testng.Assert.assertEquals(Assert.java:453)
	at org.testng.Assert.assertEquals(Assert.java:463)
	at steps.PrimeiroAcesso.PrimeiroAcesso.é_apresentanda_a_mensagem(PrimeiroAcesso.java:101)
	at ✽.Then É apresentanda a mensagem Favor preencher os campos corretamente.(Primeiro Acesso.feature:28)
</pre></div>
					</li>
				</ul>
		</li>
		<li test-id='79' class='node scenario pass' status='pass'>
			
			<b>Scenario</b>
			
			<span class="bdd-step-name">TC08 - CadastroDeSenha_QdoInformarEmailInvalido_ExibirMensagemDeValidacao</span>
			
				<ul class='steps'>
					<li test-id='80' class='node given pass' status='pass'><b>Given</b>
						<span class="bdd-step-name">Given Que o aplicativo esteja aberto na pagina primeiro acesso</span>
							<div class='pre'>passed</div>
					</li>
					<li test-id='81' class='node when pass' status='pass'><b>When</b>
						<span class="bdd-step-name">When Informar CPF/CNS 700006115148809 e data de nascimento 04/out/2002</span>
							<div class='pre'>passed</div>
					</li>
					<li test-id='82' class='node and pass' status='pass'><b>And</b>
						<span class="bdd-step-name">And Clicar no botão Enviar</span>
							<div class='pre'>passed</div>
					</li>
					<li test-id='83' class='node and pass' status='pass'><b>And</b>
						<span class="bdd-step-name">And Informar os dados cpf geraDocumento.geraCPF(), Nome completo faker.name().fullName(), nome da mae faker.name().fullName(), telefone 11993942300, email automacao.teste.com, confirme email automacao@teste.com, senha 123456 e confirmar senha 123456</span>
							<div class='pre'>passed</div>
					</li>
					<li test-id='84' class='node and pass' status='pass'><b>And</b>
						<span class="bdd-step-name">And Clicar no botão Cadastrar</span>
							<div class='pre'>passed</div>
					</li>
					<li test-id='85' class='node then pass' status='pass'><b>Then</b>
						<span class="bdd-step-name">Then É apresentanda a mensagem Favor preencher os campos corretamente.</span>
							<div class='pre'>passed</div>
					</li>
				</ul>
		</li>
		<li test-id='86' class='node scenario pass' status='pass'>
			
			<b>Scenario</b>
			
			<span class="bdd-step-name">TC09 - CadastroDeSenha_QdoInformarConfirmeSeuEmailInvalido_ExibirMensagemDeValidacao</span>
			
				<ul class='steps'>
					<li test-id='87' class='node given pass' status='pass'><b>Given</b>
						<span class="bdd-step-name">Given Que o aplicativo esteja aberto na pagina primeiro acesso</span>
							<div class='pre'>passed</div>
					</li>
					<li test-id='88' class='node when pass' status='pass'><b>When</b>
						<span class="bdd-step-name">When Informar CPF/CNS 700006115148809 e data de nascimento 04/out/2002</span>
							<div class='pre'>passed</div>
					</li>
					<li test-id='89' class='node and pass' status='pass'><b>And</b>
						<span class="bdd-step-name">And Clicar no botão Enviar</span>
							<div class='pre'>passed</div>
					</li>
					<li test-id='90' class='node and pass' status='pass'><b>And</b>
						<span class="bdd-step-name">And Informar os dados cpf geraDocumento.geraCPF(), Nome completo faker.name().fullName(), nome da mae faker.name().fullName(), telefone 11993942300, email automacao@teste.com, confirme email automacao.teste.com, senha 123456 e confirmar senha 123456</span>
							<div class='pre'>passed</div>
					</li>
					<li test-id='91' class='node and pass' status='pass'><b>And</b>
						<span class="bdd-step-name">And Clicar no botão Cadastrar</span>
							<div class='pre'>passed</div>
					</li>
					<li test-id='92' class='node then pass' status='pass'><b>Then</b>
						<span class="bdd-step-name">Then É apresentanda a mensagem Favor preencher os campos corretamente.</span>
							<div class='pre'>passed</div>
					</li>
				</ul>
		</li>
		<li test-id='93' class='node scenario pass' status='pass'>
			
			<b>Scenario</b>
			
			<span class="bdd-step-name">TC10 - CadastroDeSenha_QdoInformarEmailEConfirmeSeuEmailDiferente_ExibirMensagemDeValidacao</span>
			
				<ul class='steps'>
					<li test-id='94' class='node given pass' status='pass'><b>Given</b>
						<span class="bdd-step-name">Given Que o aplicativo esteja aberto na pagina primeiro acesso</span>
							<div class='pre'>passed</div>
					</li>
					<li test-id='95' class='node when pass' status='pass'><b>When</b>
						<span class="bdd-step-name">When Informar CPF/CNS 700006115148809 e data de nascimento 04/out/2002</span>
							<div class='pre'>passed</div>
					</li>
					<li test-id='96' class='node and pass' status='pass'><b>And</b>
						<span class="bdd-step-name">And Clicar no botão Enviar</span>
							<div class='pre'>passed</div>
					</li>
					<li test-id='97' class='node and pass' status='pass'><b>And</b>
						<span class="bdd-step-name">And Informar os dados cpf geraDocumento.geraCPF(), Nome completo faker.name().fullName(), nome da mae faker.name().fullName(), telefone 11993942300, email automacao@teste.com, confirme email auto@teste.com, senha 123456 e confirmar senha 123456</span>
							<div class='pre'>passed</div>
					</li>
					<li test-id='98' class='node and pass' status='pass'><b>And</b>
						<span class="bdd-step-name">And Clicar no botão Cadastrar</span>
							<div class='pre'>passed</div>
					</li>
					<li test-id='99' class='node then pass' status='pass'><b>Then</b>
						<span class="bdd-step-name">Then É apresentanda a mensagem Favor preencher os campos corretamente.</span>
							<div class='pre'>passed</div>
					</li>
				</ul>
		</li>
		<li test-id='100' class='node scenario pass' status='pass'>
			
			<b>Scenario</b>
			
			<span class="bdd-step-name">TC11 - CadastroDeSenha_QdoInformarConfirmacaoDaSenhaDiferenteDaSenha_ExibirMensagemDeValidacao</span>
			
				<ul class='steps'>
					<li test-id='101' class='node given pass' status='pass'><b>Given</b>
						<span class="bdd-step-name">Given Que o aplicativo esteja aberto na pagina primeiro acesso</span>
							<div class='pre'>passed</div>
					</li>
					<li test-id='102' class='node when pass' status='pass'><b>When</b>
						<span class="bdd-step-name">When Informar CPF/CNS 700006115148809 e data de nascimento 04/out/2002</span>
							<div class='pre'>passed</div>
					</li>
					<li test-id='103' class='node and pass' status='pass'><b>And</b>
						<span class="bdd-step-name">And Clicar no botão Enviar</span>
							<div class='pre'>passed</div>
					</li>
					<li test-id='104' class='node and pass' status='pass'><b>And</b>
						<span class="bdd-step-name">And Informar os dados cpf geraDocumento.geraCPF(), Nome completo faker.name().fullName(), nome da mae faker.name().fullName(), telefone 11993942300, email automacao@teste.com, confirme email automacao@teste.com, senha 123456 e confirmar senha 1234567</span>
							<div class='pre'>passed</div>
					</li>
					<li test-id='105' class='node and pass' status='pass'><b>And</b>
						<span class="bdd-step-name">And Clicar no botão Cadastrar</span>
							<div class='pre'>passed</div>
					</li>
					<li test-id='106' class='node then pass' status='pass'><b>Then</b>
						<span class="bdd-step-name">Then É apresentanda a mensagem Favor preencher os campos corretamente.</span>
							<div class='pre'>passed</div>
					</li>
				</ul>
		</li>
		<li test-id='107' class='node scenario fail' status='fail'>
			
			<b>Scenario</b>
			
			<span class="bdd-step-name">TC12 - CadastroDeSenha_QdoInformarCPFCadastradoAnteriomente_ExibirMensagemDeValidacao</span>
			
				<ul class='steps'>
					<li test-id='108' class='node given pass' status='pass'><b>Given</b>
						<span class="bdd-step-name">Given Que o aplicativo esteja aberto na pagina primeiro acesso</span>
							<div class='pre'>passed</div>
					</li>
					<li test-id='109' class='node when pass' status='pass'><b>When</b>
						<span class="bdd-step-name">When Informar CPF/CNS 700006115148809 e data de nascimento 04/out/2002</span>
							<div class='pre'>passed</div>
					</li>
					<li test-id='110' class='node and pass' status='pass'><b>And</b>
						<span class="bdd-step-name">And Clicar no botão Enviar</span>
							<div class='pre'>passed</div>
					</li>
					<li test-id='111' class='node and pass' status='pass'><b>And</b>
						<span class="bdd-step-name">And Informar os dados cpf 96404187906, Nome completo faker.name().fullName(), nome da mae faker.name().fullName(), telefone 11993942300, email automacao@teste.com, confirme email automacao@teste.com, senha 123456 e confirmar senha 123456</span>
							<div class='pre'>passed</div>
					</li>
					<li test-id='112' class='node and pass' status='pass'><b>And</b>
						<span class="bdd-step-name">And Clicar no botão Cadastrar</span>
							<div class='pre'>passed</div>
					</li>
					<li test-id='113' class='node then fail' status='fail'><b>Then</b>
						<span class="bdd-step-name">Then É apresentanda a mensagem Favor preencher os campos corretamente.</span>
						<ul class='screenshots right'>
							<li><a data-featherlight="image" href="C:\Projetos\Java\Framework\src\test\Report\screenshots\TC12_-_CadastroDeSenha_QdoInformarCPFCadastradoAnteriomente_ExibirMensagemDeValidacao.png"><i class='material-icons'>panorama</i></a></li>
						</ul>
							<div class='pre'><pre>java.lang.AssertionError: expected [An error occurred while updating the entries. See the inner exception for details.] but found [Favor preencher os campos corretamente.]
	at org.testng.Assert.fail(Assert.java:96)
	at org.testng.Assert.failNotEquals(Assert.java:776)
	at org.testng.Assert.assertEqualsImpl(Assert.java:137)
	at org.testng.Assert.assertEquals(Assert.java:118)
	at org.testng.Assert.assertEquals(Assert.java:453)
	at org.testng.Assert.assertEquals(Assert.java:463)
	at steps.PrimeiroAcesso.PrimeiroAcesso.é_apresentanda_a_mensagem(PrimeiroAcesso.java:101)
	at ✽.Then É apresentanda a mensagem Favor preencher os campos corretamente.(Primeiro Acesso.feature:28)
</pre></div>
					</li>
				</ul>
		</li>
	</ul>
</div>
					</div>
				</li>
				
				
				<li class='test displayed active has-leaf fail' status='fail' bdd='true' test-id='114'>
					<div class='test-heading'>
						<span class='test-name'>Sair do sistema - Logoff</span>
						<span class='test-time'>Apr 1, 2019 11:34:44 AM</span>
						<span class='test-status right fail'>fail</span>
					</div>
					<div class='test-content hide'>
<div class='scenariooutline node' test-id='115' status='fail'>
	<span class='duration right label'>0h 0m 26s+43ms</span>
	<div class='desc'>
		<b>ScenarioOutline</b>
		<span class="desc-text"><TestCaseName></span>
	</div>
	<ul class='steps'>
		<li test-id='116' class='node scenario fail' status='fail'>
			
			<b>Scenario</b>
			
			<span class="bdd-step-name">TC01 - sairDoSistema_QdoAcionarMenuSair_UsuarioSaiDoSistema</span>
			
				<ul class='steps'>
					<li test-id='117' class='node given pass' status='pass'><b>Given</b>
						<span class="bdd-step-name">Given Que o usuário esteja logado com CNS 707706689085010 e senha 123456</span>
							<div class='pre'>passed</div>
					</li>
					<li test-id='118' class='node when fail' status='fail'><b>When</b>
						<span class="bdd-step-name">When Clicar no menu Sair</span>
							<div class='pre'><pre>org.openqa.selenium.NoSuchElementException: An element could not be located on the page using the given search parameters.
For documentation on this error, please visit: https://www.seleniumhq.org/exceptions/no_such_element.html
Build info: version: '3.141.59', revision: 'e82be7d358', time: '2018-11-14T08:17:03'
System info: host: 'D-PROD-BP137294', ip: '10.2.107.214', os.name: 'Windows 10', os.arch: 'amd64', os.version: '10.0', java.version: '1.8.0_191'
Driver info: Servicos.Funcionalidades$1
Capabilities {appActivity: br.gov.sp.saude.horamarcada..., appPackage: br.gov.sp.saude.horamarcada, appWaitDuration: 30000, automationName: uiautomator2, avdLaunchTimeout: 20000, databaseEnabled: false, desired: {appActivity: br.gov.sp.saude.horamarcada..., appPackage: br.gov.sp.saude.horamarcada, appWaitDuration: 30000, automationName: uiautomator2, avdLaunchTimeout: 20000, deviceName: Galaxy_S7, newCommandTimeout: 9000, platformName: android, resetKeyboard: true, unicodeKeyboard: true}, deviceApiLevel: 27, deviceManufacturer: Google, deviceModel: Android SDK built for x86, deviceName: emulator-5554, deviceScreenDensity: 640, deviceScreenSize: 1440x2560, deviceUDID: emulator-5554, javascriptEnabled: true, locationContextEnabled: false, networkConnectionEnabled: true, newCommandTimeout: 9000, pixelRatio: 4, platform: LINUX, platformName: LINUX, platformVersion: 8.1.0, resetKeyboard: true, statBarHeight: 96, takesScreenshot: true, unicodeKeyboard: true, viewportRect: {height: 2464, left: 0, top: 96, width: 1440}, warnings: {}, webStorageEnabled: false}
Session ID: 3cf017bf-65fa-455c-8b21-52eebc61c082
*** Element info: {Using=id, value=android:id/button1}
	at sun.reflect.GeneratedConstructorAccessor13.newInstance(Unknown Source)
	at sun.reflect.DelegatingConstructorAccessorImpl.newInstance(DelegatingConstructorAccessorImpl.java:45)
	at java.lang.reflect.Constructor.newInstance(Constructor.java:423)
	at org.openqa.selenium.remote.http.W3CHttpResponseCodec.createException(W3CHttpResponseCodec.java:187)
	at org.openqa.selenium.remote.http.W3CHttpResponseCodec.decode(W3CHttpResponseCodec.java:122)
	at org.openqa.selenium.remote.http.W3CHttpResponseCodec.decode(W3CHttpResponseCodec.java:49)
	at org.openqa.selenium.remote.HttpCommandExecutor.execute(HttpCommandExecutor.java:158)
	at io.appium.java_client.remote.AppiumCommandExecutor.execute(AppiumCommandExecutor.java:239)
	at org.openqa.selenium.remote.RemoteWebDriver.execute(RemoteWebDriver.java:552)
	at io.appium.java_client.DefaultGenericMobileDriver.execute(DefaultGenericMobileDriver.java:42)
	at io.appium.java_client.AppiumDriver.execute(AppiumDriver.java:1)
	at org.openqa.selenium.remote.RemoteWebDriver.findElement(RemoteWebDriver.java:323)
	at io.appium.java_client.DefaultGenericMobileDriver.findElement(DefaultGenericMobileDriver.java:62)
	at io.appium.java_client.AppiumDriver.findElement(AppiumDriver.java:1)
	at org.openqa.selenium.remote.RemoteWebDriver.findElementById(RemoteWebDriver.java:372)
	at io.appium.java_client.DefaultGenericMobileDriver.findElementById(DefaultGenericMobileDriver.java:70)
	at io.appium.java_client.AppiumDriver.findElementById(AppiumDriver.java:1)
	at org.openqa.selenium.By$ById.findElement(By.java:188)
	at org.openqa.selenium.remote.RemoteWebDriver.findElement(RemoteWebDriver.java:315)
	at io.appium.java_client.DefaultGenericMobileDriver.findElement(DefaultGenericMobileDriver.java:58)
	at io.appium.java_client.AppiumDriver.findElement(AppiumDriver.java:1)
	at Servicos.Funcionalidades.Clicar(Funcionalidades.java:159)
	at steps.Logoff.Logoff.clicar_no_menu_Sair(Logoff.java:43)
	at ✽.When Clicar no menu Sair(Sair do Sistema.feature:7)
</pre></div>
					</li>
					<li test-id='119' class='node then skip' status='skip'><b>Then</b>
						<span class="bdd-step-name">Then O sistema retorna para tela inicial</span>
						<ul class='screenshots right'>
							<li><a data-featherlight="image" href="C:\Projetos\Java\Framework\src\test\Report\screenshots\TC01_-_sairDoSistema_QdoAcionarMenuSair_UsuarioSaiDoSistema.png"><i class='material-icons'>panorama</i></a></li>
						</ul>
							<div class='pre'>skipped</div>
					</li>
				</ul>
		</li>
	</ul>
</div>
					</div>
				</li>
			</ul>
		</div>
	</div>
	<!-- subview left -->

	<div class='subview-right left'>
		<div class='view-summary'>
			<h5 class='test-name'></h5>

			<div id='step-filters' class="right">
				<span class="blue-text" status="info" alt="info" title="info"><i class="material-icons">info_outline</i></span>
				<span class="green-text" status="pass" alt="pass" title="pass"><i class="material-icons">check_circle</i></span>
				<span class="red-text" status="fail" alt="fail" title="fail"><i class="material-icons">cancel</i></span>
				<span class="red-text text-darken-4" status="fatal" alt="fatal" title="fatal"><i class="material-icons">cancel</i></span>
				<span class="pink-text text-lighten-1" status="error" alt="error" title="error"><i class="material-icons">error</i></span>
				<span class="orange-text" alt="warning" status="warning" title="warning"><i class="material-icons">warning</i></span>
				<span class="teal-text" status="skip" alt="skip" title="skip"><i class="material-icons">redo</i></span>
				<span status="clear" alt="Clear filters" title="Clear filters"><i class="material-icons">clear</i></span>
			</div>
		</div>
	</div>
	<!-- subview right -->

</div>
<!-- test view -->
<!-- category view -->
<div id='exception-view' class='view hide'>

    <section id='controls'>
        <div class='controls grey lighten-4'>
            <!-- search -->
            <div class='chip transparent' alt='Search Tests' title='Search Tests'>
                <a href="#" class='search-div'>
                    <i class='material-icons'>search</i> Search
                </a>

                <div class='input-field left hide'>
                    <input id='search-tests' type='text' class='validate browser-default' placeholder='Search Tests...'>
                </div>

            </div>
            <!-- search -->
        </div>
    </section>

    <div class='subview-left left'>

        <div class='view-summary'>
            <h5>Exceptions</h3>
                <ul id='exception-collection' class='exception-collection'>

                        <li class='exception displayed active'>
                            <div class='exception-heading'>
                                <span class='exception-name'>org.openqa.selenium.NoSuchElementException</span>
                                <span class='exception-count right'><span class='label red lighten-1 white-text'>3</span></span>
                            </div>
                            <div class='exception-content hide'>
                                <div class='exception-tests'>
                                    <table class='bordered table-results'>
                                        <thead>
                                        <tr>
                                            <th>Timestamp</th>
                                            <th>TestName</th>
                                            <th>Status</th>
                                        </tr>
                                        </thead>
                                        <tbody>
                                                    <tr>
                                                        <td>Apr 1, 2019 11:23:48 AM</td>
                                                        <td class='linked' test-id='8'>Login - Controle de acesso.<TestCaseName>.TC01 - login_QdoInformarCPFValido_LoginOK.Then É exibida a mensagem Você sabia? Você pode utilizar o mesmo celular para toda a sua família acessar o Hora Marcada. ou entra no sistema</td>
                                                        <td><pre><pre>org.openqa.selenium.NoSuchElementException: An element could not be located on the page using the given search parameters.
For documentation on this error, please visit: https://www.seleniumhq.org/exceptions/no_such_element.html
Build info: version: '3.141.59', revision: 'e82be7d358', time: '2018-11-14T08:17:03'
System info: host: 'D-PROD-BP137294', ip: '10.2.107.214', os.name: 'Windows 10', os.arch: 'amd64', os.version: '10.0', java.version: '1.8.0_191'
Driver info: Servicos.Funcionalidades$1
Capabilities {appActivity: br.gov.sp.saude.horamarcada..., appPackage: br.gov.sp.saude.horamarcada, appWaitDuration: 30000, automationName: uiautomator2, avdLaunchTimeout: 20000, databaseEnabled: false, desired: {appActivity: br.gov.sp.saude.horamarcada..., appPackage: br.gov.sp.saude.horamarcada, appWaitDuration: 30000, automationName: uiautomator2, avdLaunchTimeout: 20000, deviceName: Galaxy_S7, newCommandTimeout: 9000, platformName: android, resetKeyboard: true, unicodeKeyboard: true}, deviceApiLevel: 27, deviceManufacturer: Google, deviceModel: Android SDK built for x86, deviceName: emulator-5554, deviceScreenDensity: 640, deviceScreenSize: 1440x2560, deviceUDID: emulator-5554, javascriptEnabled: true, locationContextEnabled: false, networkConnectionEnabled: true, newCommandTimeout: 9000, pixelRatio: 4, platform: LINUX, platformName: LINUX, platformVersion: 8.1.0, resetKeyboard: true, statBarHeight: 96, takesScreenshot: true, unicodeKeyboard: true, viewportRect: {height: 2464, left: 0, top: 96, width: 1440}, warnings: {}, webStorageEnabled: false}
Session ID: 3cf017bf-65fa-455c-8b21-52eebc61c082
*** Element info: {Using=id, value=android:id/message}
	at sun.reflect.NativeConstructorAccessorImpl.newInstance0(Native Method)
	at sun.reflect.NativeConstructorAccessorImpl.newInstance(NativeConstructorAccessorImpl.java:62)
	at sun.reflect.DelegatingConstructorAccessorImpl.newInstance(DelegatingConstructorAccessorImpl.java:45)
	at java.lang.reflect.Constructor.newInstance(Constructor.java:423)
	at org.openqa.selenium.remote.http.W3CHttpResponseCodec.createException(W3CHttpResponseCodec.java:187)
	at org.openqa.selenium.remote.http.W3CHttpResponseCodec.decode(W3CHttpResponseCodec.java:122)
	at org.openqa.selenium.remote.http.W3CHttpResponseCodec.decode(W3CHttpResponseCodec.java:49)
	at org.openqa.selenium.remote.HttpCommandExecutor.execute(HttpCommandExecutor.java:158)
	at io.appium.java_client.remote.AppiumCommandExecutor.execute(AppiumCommandExecutor.java:239)
	at org.openqa.selenium.remote.RemoteWebDriver.execute(RemoteWebDriver.java:552)
	at io.appium.java_client.DefaultGenericMobileDriver.execute(DefaultGenericMobileDriver.java:42)
	at io.appium.java_client.AppiumDriver.execute(AppiumDriver.java:1)
	at org.openqa.selenium.remote.RemoteWebDriver.findElement(RemoteWebDriver.java:323)
	at io.appium.java_client.DefaultGenericMobileDriver.findElement(DefaultGenericMobileDriver.java:62)
	at io.appium.java_client.AppiumDriver.findElement(AppiumDriver.java:1)
	at org.openqa.selenium.remote.RemoteWebDriver.findElementById(RemoteWebDriver.java:372)
	at io.appium.java_client.DefaultGenericMobileDriver.findElementById(DefaultGenericMobileDriver.java:70)
	at io.appium.java_client.AppiumDriver.findElementById(AppiumDriver.java:1)
	at org.openqa.selenium.By$ById.findElement(By.java:188)
	at org.openqa.selenium.remote.RemoteWebDriver.findElement(RemoteWebDriver.java:315)
	at io.appium.java_client.DefaultGenericMobileDriver.findElement(DefaultGenericMobileDriver.java:58)
	at io.appium.java_client.AppiumDriver.findElement(AppiumDriver.java:1)
	at Servicos.Funcionalidades.CapturarTexto(Funcionalidades.java:182)
	at steps.Login.Login.é_exibida_a_mensagem_ou_entra_no_sistema(Login.java:52)
	at ✽.Then É exibida a mensagem Você sabia? Você pode utilizar o mesmo celular para toda a sua família acessar o Hora Marcada. ou entra no sistema(Login.feature:10)
</pre></pre></td>
                                                    </tr>
                                                    <tr>
                                                        <td>Apr 1, 2019 11:24:15 AM</td>
                                                        <td class='linked' test-id='13'>Login - Controle de acesso.<TestCaseName>.TC02 - login_QdoInformarCNSValido_LoginOK.Then É exibida a mensagem Você sabia? Você pode utilizar o mesmo celular para toda a sua família acessar o Hora Marcada. ou entra no sistema</td>
                                                        <td><pre><pre>org.openqa.selenium.NoSuchElementException: An element could not be located on the page using the given search parameters.
For documentation on this error, please visit: https://www.seleniumhq.org/exceptions/no_such_element.html
Build info: version: '3.141.59', revision: 'e82be7d358', time: '2018-11-14T08:17:03'
System info: host: 'D-PROD-BP137294', ip: '10.2.107.214', os.name: 'Windows 10', os.arch: 'amd64', os.version: '10.0', java.version: '1.8.0_191'
Driver info: Servicos.Funcionalidades$1
Capabilities {appActivity: br.gov.sp.saude.horamarcada..., appPackage: br.gov.sp.saude.horamarcada, appWaitDuration: 30000, automationName: uiautomator2, avdLaunchTimeout: 20000, databaseEnabled: false, desired: {appActivity: br.gov.sp.saude.horamarcada..., appPackage: br.gov.sp.saude.horamarcada, appWaitDuration: 30000, automationName: uiautomator2, avdLaunchTimeout: 20000, deviceName: Galaxy_S7, newCommandTimeout: 9000, platformName: android, resetKeyboard: true, unicodeKeyboard: true}, deviceApiLevel: 27, deviceManufacturer: Google, deviceModel: Android SDK built for x86, deviceName: emulator-5554, deviceScreenDensity: 640, deviceScreenSize: 1440x2560, deviceUDID: emulator-5554, javascriptEnabled: true, locationContextEnabled: false, networkConnectionEnabled: true, newCommandTimeout: 9000, pixelRatio: 4, platform: LINUX, platformName: LINUX, platformVersion: 8.1.0, resetKeyboard: true, statBarHeight: 96, takesScreenshot: true, unicodeKeyboard: true, viewportRect: {height: 2464, left: 0, top: 96, width: 1440}, warnings: {}, webStorageEnabled: false}
Session ID: 3cf017bf-65fa-455c-8b21-52eebc61c082
*** Element info: {Using=id, value=android:id/message}
	at sun.reflect.NativeConstructorAccessorImpl.newInstance0(Native Method)
	at sun.reflect.NativeConstructorAccessorImpl.newInstance(NativeConstructorAccessorImpl.java:62)
	at sun.reflect.DelegatingConstructorAccessorImpl.newInstance(DelegatingConstructorAccessorImpl.java:45)
	at java.lang.reflect.Constructor.newInstance(Constructor.java:423)
	at org.openqa.selenium.remote.http.W3CHttpResponseCodec.createException(W3CHttpResponseCodec.java:187)
	at org.openqa.selenium.remote.http.W3CHttpResponseCodec.decode(W3CHttpResponseCodec.java:122)
	at org.openqa.selenium.remote.http.W3CHttpResponseCodec.decode(W3CHttpResponseCodec.java:49)
	at org.openqa.selenium.remote.HttpCommandExecutor.execute(HttpCommandExecutor.java:158)
	at io.appium.java_client.remote.AppiumCommandExecutor.execute(AppiumCommandExecutor.java:239)
	at org.openqa.selenium.remote.RemoteWebDriver.execute(RemoteWebDriver.java:552)
	at io.appium.java_client.DefaultGenericMobileDriver.execute(DefaultGenericMobileDriver.java:42)
	at io.appium.java_client.AppiumDriver.execute(AppiumDriver.java:1)
	at org.openqa.selenium.remote.RemoteWebDriver.findElement(RemoteWebDriver.java:323)
	at io.appium.java_client.DefaultGenericMobileDriver.findElement(DefaultGenericMobileDriver.java:62)
	at io.appium.java_client.AppiumDriver.findElement(AppiumDriver.java:1)
	at org.openqa.selenium.remote.RemoteWebDriver.findElementById(RemoteWebDriver.java:372)
	at io.appium.java_client.DefaultGenericMobileDriver.findElementById(DefaultGenericMobileDriver.java:70)
	at io.appium.java_client.AppiumDriver.findElementById(AppiumDriver.java:1)
	at org.openqa.selenium.By$ById.findElement(By.java:188)
	at org.openqa.selenium.remote.RemoteWebDriver.findElement(RemoteWebDriver.java:315)
	at io.appium.java_client.DefaultGenericMobileDriver.findElement(DefaultGenericMobileDriver.java:58)
	at io.appium.java_client.AppiumDriver.findElement(AppiumDriver.java:1)
	at Servicos.Funcionalidades.CapturarTexto(Funcionalidades.java:182)
	at steps.Login.Login.é_exibida_a_mensagem_ou_entra_no_sistema(Login.java:52)
	at ✽.Then É exibida a mensagem Você sabia? Você pode utilizar o mesmo celular para toda a sua família acessar o Hora Marcada. ou entra no sistema(Login.feature:10)
</pre></pre></td>
                                                    </tr>
                                                    <tr>
                                                        <td>Apr 1, 2019 11:35:08 AM</td>
                                                        <td class='linked' test-id='118'>Sair do sistema - Logoff.<TestCaseName>.TC01 - sairDoSistema_QdoAcionarMenuSair_UsuarioSaiDoSistema.When Clicar no menu Sair</td>
                                                        <td><pre><pre>org.openqa.selenium.NoSuchElementException: An element could not be located on the page using the given search parameters.
For documentation on this error, please visit: https://www.seleniumhq.org/exceptions/no_such_element.html
Build info: version: '3.141.59', revision: 'e82be7d358', time: '2018-11-14T08:17:03'
System info: host: 'D-PROD-BP137294', ip: '10.2.107.214', os.name: 'Windows 10', os.arch: 'amd64', os.version: '10.0', java.version: '1.8.0_191'
Driver info: Servicos.Funcionalidades$1
Capabilities {appActivity: br.gov.sp.saude.horamarcada..., appPackage: br.gov.sp.saude.horamarcada, appWaitDuration: 30000, automationName: uiautomator2, avdLaunchTimeout: 20000, databaseEnabled: false, desired: {appActivity: br.gov.sp.saude.horamarcada..., appPackage: br.gov.sp.saude.horamarcada, appWaitDuration: 30000, automationName: uiautomator2, avdLaunchTimeout: 20000, deviceName: Galaxy_S7, newCommandTimeout: 9000, platformName: android, resetKeyboard: true, unicodeKeyboard: true}, deviceApiLevel: 27, deviceManufacturer: Google, deviceModel: Android SDK built for x86, deviceName: emulator-5554, deviceScreenDensity: 640, deviceScreenSize: 1440x2560, deviceUDID: emulator-5554, javascriptEnabled: true, locationContextEnabled: false, networkConnectionEnabled: true, newCommandTimeout: 9000, pixelRatio: 4, platform: LINUX, platformName: LINUX, platformVersion: 8.1.0, resetKeyboard: true, statBarHeight: 96, takesScreenshot: true, unicodeKeyboard: true, viewportRect: {height: 2464, left: 0, top: 96, width: 1440}, warnings: {}, webStorageEnabled: false}
Session ID: 3cf017bf-65fa-455c-8b21-52eebc61c082
*** Element info: {Using=id, value=android:id/button1}
	at sun.reflect.GeneratedConstructorAccessor13.newInstance(Unknown Source)
	at sun.reflect.DelegatingConstructorAccessorImpl.newInstance(DelegatingConstructorAccessorImpl.java:45)
	at java.lang.reflect.Constructor.newInstance(Constructor.java:423)
	at org.openqa.selenium.remote.http.W3CHttpResponseCodec.createException(W3CHttpResponseCodec.java:187)
	at org.openqa.selenium.remote.http.W3CHttpResponseCodec.decode(W3CHttpResponseCodec.java:122)
	at org.openqa.selenium.remote.http.W3CHttpResponseCodec.decode(W3CHttpResponseCodec.java:49)
	at org.openqa.selenium.remote.HttpCommandExecutor.execute(HttpCommandExecutor.java:158)
	at io.appium.java_client.remote.AppiumCommandExecutor.execute(AppiumCommandExecutor.java:239)
	at org.openqa.selenium.remote.RemoteWebDriver.execute(RemoteWebDriver.java:552)
	at io.appium.java_client.DefaultGenericMobileDriver.execute(DefaultGenericMobileDriver.java:42)
	at io.appium.java_client.AppiumDriver.execute(AppiumDriver.java:1)
	at org.openqa.selenium.remote.RemoteWebDriver.findElement(RemoteWebDriver.java:323)
	at io.appium.java_client.DefaultGenericMobileDriver.findElement(DefaultGenericMobileDriver.java:62)
	at io.appium.java_client.AppiumDriver.findElement(AppiumDriver.java:1)
	at org.openqa.selenium.remote.RemoteWebDriver.findElementById(RemoteWebDriver.java:372)
	at io.appium.java_client.DefaultGenericMobileDriver.findElementById(DefaultGenericMobileDriver.java:70)
	at io.appium.java_client.AppiumDriver.findElementById(AppiumDriver.java:1)
	at org.openqa.selenium.By$ById.findElement(By.java:188)
	at org.openqa.selenium.remote.RemoteWebDriver.findElement(RemoteWebDriver.java:315)
	at io.appium.java_client.DefaultGenericMobileDriver.findElement(DefaultGenericMobileDriver.java:58)
	at io.appium.java_client.AppiumDriver.findElement(AppiumDriver.java:1)
	at Servicos.Funcionalidades.Clicar(Funcionalidades.java:159)
	at steps.Logoff.Logoff.clicar_no_menu_Sair(Logoff.java:43)
	at ✽.When Clicar no menu Sair(Sair do Sistema.feature:7)
</pre></pre></td>
                                                    </tr>
                                        </tbody>
                                    </table>
                                </div>
                            </div>
                        </li>
                        <li class='exception displayed active'>
                            <div class='exception-heading'>
                                <span class='exception-name'>java.lang.AssertionError</span>
                                <span class='exception-count right'><span class='label red lighten-1 white-text'>7</span></span>
                            </div>
                            <div class='exception-content hide'>
                                <div class='exception-tests'>
                                    <table class='bordered table-results'>
                                        <thead>
                                        <tr>
                                            <th>Timestamp</th>
                                            <th>TestName</th>
                                            <th>Status</th>
                                        </tr>
                                        </thead>
                                        <tbody>
                                                    <tr>
                                                        <td>Apr 1, 2019 11:25:54 AM</td>
                                                        <td class='linked' test-id='33'>Login - Controle de acesso.<TestCaseName>.TC06 - login_QdoInformarCNSValidoSenhaInvalida_LoginNOK.Then É exibida a mensagem Login ou senha inválido ou entra no sistema</td>
                                                        <td><pre><pre>java.lang.AssertionError: expected [Login ou senha inválido
Login bloqueado por excesso de tentativas] but found [Login ou senha inválido]
	at org.testng.Assert.fail(Assert.java:96)
	at org.testng.Assert.failNotEquals(Assert.java:776)
	at org.testng.Assert.assertEqualsImpl(Assert.java:137)
	at org.testng.Assert.assertEquals(Assert.java:118)
	at org.testng.Assert.assertEquals(Assert.java:453)
	at org.testng.Assert.assertEquals(Assert.java:463)
	at steps.Login.Login.é_exibida_a_mensagem_ou_entra_no_sistema(Login.java:53)
	at ✽.Then É exibida a mensagem Login ou senha inválido ou entra no sistema(Login.feature:10)
</pre></pre></td>
                                                    </tr>
                                                    <tr>
                                                        <td>Apr 1, 2019 11:26:49 AM</td>
                                                        <td class='linked' test-id='45'>Primeiro acesso - Adesão.<TestCaseName>.TC01 - CadastroDeSenha_QdoInformarCNSInvalido_ExibirMensagemDeValidacao.Then É apresentanda a mensagem CNS Preenchido não é válido!</td>
                                                        <td><pre><pre>java.lang.AssertionError: expected [timeout] but found [CNS Preenchido não é válido!]
	at org.testng.Assert.fail(Assert.java:96)
	at org.testng.Assert.failNotEquals(Assert.java:776)
	at org.testng.Assert.assertEqualsImpl(Assert.java:137)
	at org.testng.Assert.assertEquals(Assert.java:118)
	at org.testng.Assert.assertEquals(Assert.java:453)
	at org.testng.Assert.assertEquals(Assert.java:463)
	at steps.PrimeiroAcesso.PrimeiroAcesso.é_apresentanda_a_mensagem(PrimeiroAcesso.java:101)
	at ✽.Then É apresentanda a mensagem CNS Preenchido não é válido!(Primeiro Acesso.feature:11)
</pre></pre></td>
                                                    </tr>
                                                    <tr>
                                                        <td>Apr 1, 2019 11:27:28 AM</td>
                                                        <td class='linked' test-id='50'>Primeiro acesso - Adesão.<TestCaseName>.TC02 - CadastroDeSenha_QdoInformarDataNascimentoInvalida_ExibirMensagemDeValidacao.Then É apresentanda a mensagem Paciente não encontrado É necessário se cadastrar em uma UBS mais próxima</td>
                                                        <td><pre><pre>java.lang.AssertionError: expected [Unexpected status line: HTTP/1.1 0 ] but found [Paciente não encontrado É necessário se cadastrar em uma UBS mais próxima]
	at org.testng.Assert.fail(Assert.java:96)
	at org.testng.Assert.failNotEquals(Assert.java:776)
	at org.testng.Assert.assertEqualsImpl(Assert.java:137)
	at org.testng.Assert.assertEquals(Assert.java:118)
	at org.testng.Assert.assertEquals(Assert.java:453)
	at org.testng.Assert.assertEquals(Assert.java:463)
	at steps.PrimeiroAcesso.PrimeiroAcesso.é_apresentanda_a_mensagem(PrimeiroAcesso.java:101)
	at ✽.Then É apresentanda a mensagem Paciente não encontrado É necessário se cadastrar em uma UBS mais próxima(Primeiro Acesso.feature:11)
</pre></pre></td>
                                                    </tr>
                                                    <tr>
                                                        <td>Apr 1, 2019 11:28:30 AM</td>
                                                        <td class='linked' test-id='60'>Primeiro acesso - Adesão.<TestCaseName>.TC04 - CadastroDeSenha_QdoInformarCNSCadastrado_ExibirMensagemDeValidacao.Then É apresentanda a mensagem Usuário já esta cadastrado com esse CNS no município</td>
                                                        <td><pre><pre>java.lang.AssertionError: expected [Unexpected status line: HTTP/1.1 0 ] but found [Usuário já esta cadastrado com esse CNS no município]
	at org.testng.Assert.fail(Assert.java:96)
	at org.testng.Assert.failNotEquals(Assert.java:776)
	at org.testng.Assert.assertEqualsImpl(Assert.java:137)
	at org.testng.Assert.assertEquals(Assert.java:118)
	at org.testng.Assert.assertEquals(Assert.java:453)
	at org.testng.Assert.assertEquals(Assert.java:463)
	at steps.PrimeiroAcesso.PrimeiroAcesso.é_apresentanda_a_mensagem(PrimeiroAcesso.java:101)
	at ✽.Then É apresentanda a mensagem Usuário já esta cadastrado com esse CNS no município(Primeiro Acesso.feature:11)
</pre></pre></td>
                                                    </tr>
                                                    <tr>
                                                        <td>Apr 1, 2019 11:29:02 AM</td>
                                                        <td class='linked' test-id='65'>Primeiro acesso - Adesão.<TestCaseName>.TC05 - CadastroDeSenha_QdoInformarCNSQueNaoTemEquipeCadastrada_ExibirMensagemDeValidacao.Then É apresentanda a mensagem CNS Invalido</td>
                                                        <td><pre><pre>java.lang.AssertionError: expected [Unexpected status line: HTTP/1.1 0 ] but found [CNS Invalido]
	at org.testng.Assert.fail(Assert.java:96)
	at org.testng.Assert.failNotEquals(Assert.java:776)
	at org.testng.Assert.assertEqualsImpl(Assert.java:137)
	at org.testng.Assert.assertEquals(Assert.java:118)
	at org.testng.Assert.assertEquals(Assert.java:453)
	at org.testng.Assert.assertEquals(Assert.java:463)
	at steps.PrimeiroAcesso.PrimeiroAcesso.é_apresentanda_a_mensagem(PrimeiroAcesso.java:101)
	at ✽.Then É apresentanda a mensagem CNS Invalido(Primeiro Acesso.feature:11)
</pre></pre></td>
                                                    </tr>
                                                    <tr>
                                                        <td>Apr 1, 2019 11:30:18 AM</td>
                                                        <td class='linked' test-id='78'>Primeiro acesso - Adesão.<TestCaseName>.TC07 - CadastroDeSenha_QdoInformarTelefoneInvalido_ExibirMensagemDeValidacao.Then É apresentanda a mensagem Favor preencher os campos corretamente.</td>
                                                        <td><pre><pre>java.lang.AssertionError: expected [Unexpected status line: HTTP/1.1 0 ] but found [Favor preencher os campos corretamente.]
	at org.testng.Assert.fail(Assert.java:96)
	at org.testng.Assert.failNotEquals(Assert.java:776)
	at org.testng.Assert.assertEqualsImpl(Assert.java:137)
	at org.testng.Assert.assertEquals(Assert.java:118)
	at org.testng.Assert.assertEquals(Assert.java:453)
	at org.testng.Assert.assertEquals(Assert.java:463)
	at steps.PrimeiroAcesso.PrimeiroAcesso.é_apresentanda_a_mensagem(PrimeiroAcesso.java:101)
	at ✽.Then É apresentanda a mensagem Favor preencher os campos corretamente.(Primeiro Acesso.feature:28)
</pre></pre></td>
                                                    </tr>
                                                    <tr>
                                                        <td>Apr 1, 2019 11:34:42 AM</td>
                                                        <td class='linked' test-id='113'>Primeiro acesso - Adesão.<TestCaseName>.TC12 - CadastroDeSenha_QdoInformarCPFCadastradoAnteriomente_ExibirMensagemDeValidacao.Then É apresentanda a mensagem Favor preencher os campos corretamente.</td>
                                                        <td><pre><pre>java.lang.AssertionError: expected [An error occurred while updating the entries. See the inner exception for details.] but found [Favor preencher os campos corretamente.]
	at org.testng.Assert.fail(Assert.java:96)
	at org.testng.Assert.failNotEquals(Assert.java:776)
	at org.testng.Assert.assertEqualsImpl(Assert.java:137)
	at org.testng.Assert.assertEquals(Assert.java:118)
	at org.testng.Assert.assertEquals(Assert.java:453)
	at org.testng.Assert.assertEquals(Assert.java:463)
	at steps.PrimeiroAcesso.PrimeiroAcesso.é_apresentanda_a_mensagem(PrimeiroAcesso.java:101)
	at ✽.Then É apresentanda a mensagem Favor preencher os campos corretamente.(Primeiro Acesso.feature:28)
</pre></pre></td>
                                                    </tr>
                                        </tbody>
                                    </table>
                                </div>
                            </div>
                        </li>
                </ul>
        </div>
    </div>

    <div class='subview-right left'>
        <div class='view-summary'>
            <h5 class='exception-name'></h5>
        </div>
    </div>
</div>
<!-- exception view -->
<div id='dashboard-view' class='view hide'>
	<div class='card-panel transparent np-v'>
		<h5>Dashboard</h5>

		<div class='row'>
			<div class='col s2'>
				<div class='card-panel r'>
					Classes
					<div class='panel-lead'>4</div>
				</div>
			</div>
			<div class='col s2'>
				<div class='card-panel r'>
					Tests
					<div class='panel-lead'>20</div>
				</div>
			</div>
			<div class='col s2'>
				<div class='card-panel r'>
					Steps
					<div class='panel-lead'>91</div>
				</div>
			</div>
			<div class='col s2'>
				<div class='card-panel r'>
					Start
					<div class='panel-lead'>Apr 1, 2019 11:23:15 AM</div>
				</div>
			</div>
			<div class='col s2'>
				<div class='card-panel r'>
			 		End
			 		<div class='panel-lead'>Apr 1, 2019 11:35:11 AM</div>
				</div>
			</div>
			<div class='col s2'>
				<div class='card-panel r'>
					Time Taken
					<div class='panel-lead'>715,446ms</div>
				</div>
			</div>
		</div>
	</div>
</div>
<!-- dashboard view -->
<!-- testrunner-logs view -->
		</div>
		<!-- container -->

		<script>
			var statusGroup = {
				passParent: 1,
				failParent: 3,
				fatalParent: 0,
				errorParent: 0,
				warningParent: 0,
				skipParent: 0,
				exceptionsParent: 3,
				
				passChild: 10,
				failChild: 10,
				fatalChild: 0,
				errorChild: 0,
				warningChild: 0,
				skipChild: 0,
				infoChild: 0,
				exceptionsChild: 10,
				
				passGrandChild: 80,
				failGrandChild: 10,
				fatalGrandChild: 0,
				errorGrandChild: 0,
				warningGrandChild: 0,
				skipGrandChild: 1,
				infoGrandChild: 0,
				exceptionsGrandChild: 11,
			};
		</script>
		
			<script src='https://cdn.rawgit.com/anshooarora/extentreports-java/fca20fb7653aade98810546ab96a2a4360e3e712/dist/js/extent.js' type='text/javascript'></script>
		
		
 		<script type='text/javascript'>
 			
            
        $(document).ready(function() {

        });
      
        
 		</script>
	</body>
	
</html>
